Epoch 1/30 - Training Loss: 0.5820, Validation Loss: 0.5123
                     precision    recall  f1-score   support

No ObstructiveApnea       0.71      0.64      0.68      3642
   ObstructiveApnea       0.77      0.82      0.79      5304

           accuracy                           0.75      8946
          macro avg       0.74      0.73      0.73      8946
       weighted avg       0.74      0.75      0.75      8946

Model saved!
Model saved as 'crnn_obstructive_apnea.pth'
Epoch 2/30 - Training Loss: 0.4813, Validation Loss: 0.4574
                     precision    recall  f1-score   support

No ObstructiveApnea       0.78      0.66      0.71      3642
   ObstructiveApnea       0.79      0.87      0.83      5304

           accuracy                           0.78      8946
          macro avg       0.78      0.76      0.77      8946
       weighted avg       0.78      0.78      0.78      8946

Model saved!
Model saved as 'crnn_obstructive_apnea.pth'
Epoch 3/30 - Training Loss: 0.4380, Validation Loss: 0.4167
                     precision    recall  f1-score   support

No ObstructiveApnea       0.78      0.72      0.75      3642
   ObstructiveApnea       0.82      0.86      0.84      5304

           accuracy                           0.80      8946
          macro avg       0.80      0.79      0.79      8946
       weighted avg       0.80      0.80      0.80      8946

Model saved!
Model saved as 'crnn_obstructive_apnea.pth'
Epoch 4/30 - Training Loss: 0.4062, Validation Loss: 0.3870
                     precision    recall  f1-score   support

No ObstructiveApnea       0.79      0.76      0.77      3642
   ObstructiveApnea       0.84      0.86      0.85      5304

           accuracy                           0.82      8946
          macro avg       0.81      0.81      0.81      8946
       weighted avg       0.82      0.82      0.82      8946

Model saved!
Model saved as 'crnn_obstructive_apnea.pth'
Epoch 5/30 - Training Loss: 0.3743, Validation Loss: 0.3541
                     precision    recall  f1-score   support

No ObstructiveApnea       0.82      0.79      0.80      3642
   ObstructiveApnea       0.86      0.88      0.87      5304

           accuracy                           0.84      8946
          macro avg       0.84      0.83      0.83      8946
       weighted avg       0.84      0.84      0.84      8946

Model saved!
Model saved as 'crnn_obstructive_apnea.pth'
Epoch 6/30 - Training Loss: 0.3521, Validation Loss: 0.3447
                     precision    recall  f1-score   support

No ObstructiveApnea       0.79      0.86      0.82      3642
   ObstructiveApnea       0.90      0.84      0.87      5304

           accuracy                           0.85      8946
          macro avg       0.84      0.85      0.84      8946
       weighted avg       0.85      0.85      0.85      8946

Model saved!
Model saved as 'crnn_obstructive_apnea.pth'
Epoch 7/30 - Training Loss: 0.3326, Validation Loss: 0.3296
                     precision    recall  f1-score   support

No ObstructiveApnea       0.82      0.83      0.83      3642
   ObstructiveApnea       0.89      0.88      0.88      5304

           accuracy                           0.86      8946
          macro avg       0.85      0.86      0.85      8946
       weighted avg       0.86      0.86      0.86      8946

Model saved!
Model saved as 'crnn_obstructive_apnea.pth'
Epoch 8/30 - Training Loss: 0.3099, Validation Loss: 0.3093
                     precision    recall  f1-score   support

No ObstructiveApnea       0.83      0.85      0.84      3642
   ObstructiveApnea       0.90      0.88      0.89      5304

           accuracy                           0.87      8946
          macro avg       0.86      0.87      0.86      8946
       weighted avg       0.87      0.87      0.87      8946

Model saved!
Model saved as 'crnn_obstructive_apnea.pth'
Epoch 9/30 - Training Loss: 0.2933, Validation Loss: 0.3127
                     precision    recall  f1-score   support

No ObstructiveApnea       0.85      0.81      0.83      3642
   ObstructiveApnea       0.87      0.90      0.89      5304

           accuracy                           0.86      8946
          macro avg       0.86      0.86      0.86      8946
       weighted avg       0.86      0.86      0.86      8946

Model saved as 'crnn_obstructive_apnea.pth'
Epoch 10/30 - Training Loss: 0.2771, Validation Loss: 0.3062
                     precision    recall  f1-score   support

No ObstructiveApnea       0.80      0.88      0.84      3642
   ObstructiveApnea       0.91      0.85      0.88      5304

           accuracy                           0.86      8946
          macro avg       0.86      0.87      0.86      8946
       weighted avg       0.87      0.86      0.87      8946

Model saved!
Model saved as 'crnn_obstructive_apnea.pth'
Epoch 11/30 - Training Loss: 0.2635, Validation Loss: 0.2838
                     precision    recall  f1-score   support

No ObstructiveApnea       0.83      0.87      0.85      3642
   ObstructiveApnea       0.91      0.88      0.90      5304

           accuracy                           0.88      8946
          macro avg       0.87      0.88      0.87      8946
       weighted avg       0.88      0.88      0.88      8946

Model saved!
Model saved as 'crnn_obstructive_apnea.pth'
Epoch 12/30 - Training Loss: 0.2476, Validation Loss: 0.2876
                     precision    recall  f1-score   support

No ObstructiveApnea       0.85      0.86      0.85      3642
   ObstructiveApnea       0.90      0.89      0.90      5304

           accuracy                           0.88      8946
          macro avg       0.88      0.88      0.88      8946
       weighted avg       0.88      0.88      0.88      8946

Model saved as 'crnn_obstructive_apnea.pth'
Epoch 13/30 - Training Loss: 0.2329, Validation Loss: 0.2797
                     precision    recall  f1-score   support

No ObstructiveApnea       0.85      0.87      0.86      3642
   ObstructiveApnea       0.91      0.89      0.90      5304

           accuracy                           0.88      8946
          macro avg       0.88      0.88      0.88      8946
       weighted avg       0.89      0.88      0.89      8946

Model saved!
Model saved as 'crnn_obstructive_apnea.pth'
Epoch 14/30 - Training Loss: 0.2234, Validation Loss: 0.2767
                     precision    recall  f1-score   support

No ObstructiveApnea       0.86      0.86      0.86      3642
   ObstructiveApnea       0.90      0.90      0.90      5304

           accuracy                           0.88      8946
          macro avg       0.88      0.88      0.88      8946
       weighted avg       0.88      0.88      0.88      8946

Model saved!
Model saved as 'crnn_obstructive_apnea.pth'
Epoch 15/30 - Training Loss: 0.2054, Validation Loss: 0.2743
                     precision    recall  f1-score   support

No ObstructiveApnea       0.85      0.88      0.86      3642
   ObstructiveApnea       0.92      0.89      0.90      5304

           accuracy                           0.89      8946
          macro avg       0.88      0.89      0.88      8946
       weighted avg       0.89      0.89      0.89      8946

Model saved!
Model saved as 'crnn_obstructive_apnea.pth'
Epoch 16/30 - Training Loss: 0.1953, Validation Loss: 0.2706
                     precision    recall  f1-score   support

No ObstructiveApnea       0.87      0.87      0.87      3642
   ObstructiveApnea       0.91      0.91      0.91      5304

           accuracy                           0.89      8946
          macro avg       0.89      0.89      0.89      8946
       weighted avg       0.89      0.89      0.89      8946

Model saved!
Model saved as 'crnn_obstructive_apnea.pth'
Epoch 17/30 - Training Loss: 0.1905, Validation Loss: 0.2758
                     precision    recall  f1-score   support

No ObstructiveApnea       0.87      0.87      0.87      3642
   ObstructiveApnea       0.91      0.91      0.91      5304

           accuracy                           0.89      8946
          macro avg       0.89      0.89      0.89      8946
       weighted avg       0.89      0.89      0.89      8946

Model saved as 'crnn_obstructive_apnea.pth'
Epoch 18/30 - Training Loss: 0.1752, Validation Loss: 0.2781
                     precision    recall  f1-score   support

No ObstructiveApnea       0.88      0.86      0.87      3642
   ObstructiveApnea       0.90      0.92      0.91      5304

           accuracy                           0.90      8946
          macro avg       0.89      0.89      0.89      8946
       weighted avg       0.90      0.90      0.90      8946

Model saved as 'crnn_obstructive_apnea.pth'
Epoch 19/30 - Training Loss: 0.1650, Validation Loss: 0.2623
                     precision    recall  f1-score   support

No ObstructiveApnea       0.86      0.89      0.88      3642
   ObstructiveApnea       0.92      0.90      0.91      5304

           accuracy                           0.90      8946
          macro avg       0.89      0.90      0.90      8946
       weighted avg       0.90      0.90      0.90      8946

Model saved!
Model saved as 'crnn_obstructive_apnea.pth'
Epoch 20/30 - Training Loss: 0.1605, Validation Loss: 0.2889
                     precision    recall  f1-score   support

No ObstructiveApnea       0.89      0.85      0.87      3642
   ObstructiveApnea       0.90      0.93      0.91      5304

           accuracy                           0.90      8946
          macro avg       0.90      0.89      0.89      8946
       weighted avg       0.90      0.90      0.90      8946

Model saved as 'crnn_obstructive_apnea.pth'
Epoch 21/30 - Training Loss: 0.1494, Validation Loss: 0.2799
                     precision    recall  f1-score   support

No ObstructiveApnea       0.86      0.90      0.88      3642
   ObstructiveApnea       0.93      0.90      0.91      5304

           accuracy                           0.90      8946
          macro avg       0.89      0.90      0.90      8946
       weighted avg       0.90      0.90      0.90      8946

Model saved as 'crnn_obstructive_apnea.pth'
Epoch 22/30 - Training Loss: 0.1462, Validation Loss: 0.2708
                     precision    recall  f1-score   support

No ObstructiveApnea       0.86      0.91      0.88      3642
   ObstructiveApnea       0.94      0.89      0.92      5304

           accuracy                           0.90      8946
          macro avg       0.90      0.90      0.90      8946
       weighted avg       0.90      0.90      0.90      8946

Early stopping triggered.
