Epoch 1/30 - Training Loss: 0.5985, Validation Loss: 0.5847
                     precision    recall  f1-score   support

No ObstructiveApnea       0.67      0.51      0.58      3642
   ObstructiveApnea       0.71      0.83      0.76      5304

           accuracy                           0.70      8946
          macro avg       0.69      0.67      0.67      8946
       weighted avg       0.69      0.70      0.69      8946

Model saved!
Epoch 2/30 - Training Loss: 0.5779, Validation Loss: 0.5719
                     precision    recall  f1-score   support

No ObstructiveApnea       0.71      0.36      0.48      3642
   ObstructiveApnea       0.67      0.90      0.77      5304

           accuracy                           0.68      8946
          macro avg       0.69      0.63      0.62      8946
       weighted avg       0.69      0.68      0.65      8946

Model saved!
Epoch 3/30 - Training Loss: 0.5427, Validation Loss: 0.5280
                     precision    recall  f1-score   support

No ObstructiveApnea       0.67      0.72      0.69      3642
   ObstructiveApnea       0.80      0.76      0.78      5304

           accuracy                           0.74      8946
          macro avg       0.73      0.74      0.73      8946
       weighted avg       0.74      0.74      0.74      8946

Model saved!
Epoch 4/30 - Training Loss: 0.5252, Validation Loss: 0.5826
                     precision    recall  f1-score   support

No ObstructiveApnea       0.75      0.36      0.49      3642
   ObstructiveApnea       0.68      0.92      0.78      5304

           accuracy                           0.69      8946
          macro avg       0.72      0.64      0.63      8946
       weighted avg       0.71      0.69      0.66      8946

Epoch 5/30 - Training Loss: 0.5519, Validation Loss: 0.5491
                     precision    recall  f1-score   support

No ObstructiveApnea       0.66      0.68      0.67      3642
   ObstructiveApnea       0.78      0.76      0.77      5304

           accuracy                           0.73      8946
          macro avg       0.72      0.72      0.72      8946
       weighted avg       0.73      0.73      0.73      8946

Epoch 6/30 - Training Loss: 0.5386, Validation Loss: 0.5067
                     precision    recall  f1-score   support

No ObstructiveApnea       0.71      0.69      0.70      3642
   ObstructiveApnea       0.79      0.81      0.80      5304

           accuracy                           0.76      8946
          macro avg       0.75      0.75      0.75      8946
       weighted avg       0.76      0.76      0.76      8946

Model saved!
Epoch 7/30 - Training Loss: 0.5188, Validation Loss: 0.5175
                     precision    recall  f1-score   support

No ObstructiveApnea       0.72      0.59      0.65      3642
   ObstructiveApnea       0.75      0.84      0.79      5304

           accuracy                           0.74      8946
          macro avg       0.73      0.72      0.72      8946
       weighted avg       0.74      0.74      0.73      8946

Epoch 8/30 - Training Loss: 0.5302, Validation Loss: 0.4958
                     precision    recall  f1-score   support

No ObstructiveApnea       0.71      0.66      0.68      3642
   ObstructiveApnea       0.78      0.81      0.80      5304

           accuracy                           0.75      8946
          macro avg       0.74      0.74      0.74      8946
       weighted avg       0.75      0.75      0.75      8946

Model saved!
Epoch 9/30 - Training Loss: 0.5391, Validation Loss: 0.5110
                     precision    recall  f1-score   support

No ObstructiveApnea       0.71      0.65      0.68      3642
   ObstructiveApnea       0.77      0.82      0.80      5304

           accuracy                           0.75      8946
          macro avg       0.74      0.74      0.74      8946
       weighted avg       0.75      0.75      0.75      8946

Epoch 10/30 - Training Loss: 0.4938, Validation Loss: 0.4857
                     precision    recall  f1-score   support

No ObstructiveApnea       0.72      0.71      0.71      3642
   ObstructiveApnea       0.80      0.81      0.81      5304

           accuracy                           0.77      8946
          macro avg       0.76      0.76      0.76      8946
       weighted avg       0.77      0.77      0.77      8946

Model saved!
Epoch 11/30 - Training Loss: 0.4734, Validation Loss: 0.4777
                     precision    recall  f1-score   support

No ObstructiveApnea       0.71      0.68      0.70      3642
   ObstructiveApnea       0.79      0.81      0.80      5304

           accuracy                           0.76      8946
          macro avg       0.75      0.75      0.75      8946
       weighted avg       0.76      0.76      0.76      8946

Model saved!
Epoch 12/30 - Training Loss: 0.4611, Validation Loss: 0.4707
                     precision    recall  f1-score   support

No ObstructiveApnea       0.70      0.80      0.75      3642
   ObstructiveApnea       0.85      0.77      0.81      5304

           accuracy                           0.78      8946
          macro avg       0.78      0.79      0.78      8946
       weighted avg       0.79      0.78      0.78      8946

Model saved!
Epoch 13/30 - Training Loss: 0.4731, Validation Loss: 0.4785
                     precision    recall  f1-score   support

No ObstructiveApnea       0.74      0.68      0.71      3642
   ObstructiveApnea       0.79      0.83      0.81      5304

           accuracy                           0.77      8946
          macro avg       0.77      0.76      0.76      8946
       weighted avg       0.77      0.77      0.77      8946

Epoch 14/30 - Training Loss: 0.4530, Validation Loss: 0.4335
                     precision    recall  f1-score   support

No ObstructiveApnea       0.73      0.81      0.77      3642
   ObstructiveApnea       0.86      0.79      0.82      5304

           accuracy                           0.80      8946
          macro avg       0.79      0.80      0.80      8946
       weighted avg       0.81      0.80      0.80      8946

Model saved!
Epoch 15/30 - Training Loss: 0.4162, Validation Loss: 0.4195
                     precision    recall  f1-score   support

No ObstructiveApnea       0.79      0.71      0.75      3642
   ObstructiveApnea       0.81      0.87      0.84      5304

           accuracy                           0.80      8946
          macro avg       0.80      0.79      0.79      8946
       weighted avg       0.80      0.80      0.80      8946

Model saved!
Epoch 16/30 - Training Loss: 0.3895, Validation Loss: 0.3872
                     precision    recall  f1-score   support

No ObstructiveApnea       0.76      0.83      0.80      3642
   ObstructiveApnea       0.88      0.82      0.85      5304

           accuracy                           0.83      8946
          macro avg       0.82      0.83      0.82      8946
       weighted avg       0.83      0.83      0.83      8946

Model saved!
Epoch 17/30 - Training Loss: 0.3711, Validation Loss: 0.3643
                     precision    recall  f1-score   support

No ObstructiveApnea       0.77      0.85      0.81      3642
   ObstructiveApnea       0.89      0.83      0.86      5304

           accuracy                           0.84      8946
          macro avg       0.83      0.84      0.83      8946
       weighted avg       0.84      0.84      0.84      8946

Model saved!
Epoch 18/30 - Training Loss: 0.3468, Validation Loss: 0.4108
                     precision    recall  f1-score   support

No ObstructiveApnea       0.86      0.65      0.74      3642
   ObstructiveApnea       0.79      0.93      0.85      5304

           accuracy                           0.81      8946
          macro avg       0.83      0.79      0.80      8946
       weighted avg       0.82      0.81      0.81      8946

Epoch 19/30 - Training Loss: 0.3266, Validation Loss: 0.3388
                     precision    recall  f1-score   support

No ObstructiveApnea       0.79      0.86      0.82      3642
   ObstructiveApnea       0.90      0.84      0.87      5304

           accuracy                           0.85      8946
          macro avg       0.84      0.85      0.85      8946
       weighted avg       0.85      0.85      0.85      8946

Model saved!
Epoch 20/30 - Training Loss: 0.3134, Validation Loss: 0.3288
                     precision    recall  f1-score   support

No ObstructiveApnea       0.78      0.90      0.83      3642
   ObstructiveApnea       0.92      0.83      0.87      5304

           accuracy                           0.86      8946
          macro avg       0.85      0.86      0.85      8946
       weighted avg       0.86      0.86      0.86      8946

Model saved!
Epoch 21/30 - Training Loss: 0.2928, Validation Loss: 0.3124
                     precision    recall  f1-score   support

No ObstructiveApnea       0.79      0.91      0.84      3642
   ObstructiveApnea       0.93      0.83      0.88      5304

           accuracy                           0.86      8946
          macro avg       0.86      0.87      0.86      8946
       weighted avg       0.87      0.86      0.87      8946

Model saved!
Epoch 22/30 - Training Loss: 0.2745, Validation Loss: 0.2919
                     precision    recall  f1-score   support

No ObstructiveApnea       0.84      0.86      0.85      3642
   ObstructiveApnea       0.90      0.89      0.89      5304

           accuracy                           0.87      8946
          macro avg       0.87      0.87      0.87      8946
       weighted avg       0.87      0.87      0.87      8946

Model saved!
Epoch 23/30 - Training Loss: 0.2609, Validation Loss: 0.2954
                     precision    recall  f1-score   support

No ObstructiveApnea       0.80      0.92      0.85      3642
   ObstructiveApnea       0.94      0.84      0.89      5304

           accuracy                           0.87      8946
          macro avg       0.87      0.88      0.87      8946
       weighted avg       0.88      0.87      0.87      8946

Epoch 24/30 - Training Loss: 0.2467, Validation Loss: 0.2796
                     precision    recall  f1-score   support

No ObstructiveApnea       0.84      0.88      0.86      3642
   ObstructiveApnea       0.91      0.89      0.90      5304

           accuracy                           0.88      8946
          macro avg       0.88      0.88      0.88      8946
       weighted avg       0.88      0.88      0.88      8946

Model saved!
Epoch 25/30 - Training Loss: 0.2381, Validation Loss: 0.2624
                     precision    recall  f1-score   support

No ObstructiveApnea       0.83      0.91      0.87      3642
   ObstructiveApnea       0.93      0.88      0.90      5304

           accuracy                           0.89      8946
          macro avg       0.88      0.89      0.89      8946
       weighted avg       0.89      0.89      0.89      8946

Model saved!
Epoch 26/30 - Training Loss: 0.2350, Validation Loss: 0.2650
                     precision    recall  f1-score   support

No ObstructiveApnea       0.85      0.88      0.87      3642
   ObstructiveApnea       0.92      0.90      0.91      5304

           accuracy                           0.89      8946
          macro avg       0.89      0.89      0.89      8946
       weighted avg       0.89      0.89      0.89      8946

Epoch 27/30 - Training Loss: 0.2214, Validation Loss: 0.2631
                     precision    recall  f1-score   support

No ObstructiveApnea       0.87      0.87      0.87      3642
   ObstructiveApnea       0.91      0.91      0.91      5304

           accuracy                           0.89      8946
          macro avg       0.89      0.89      0.89      8946
       weighted avg       0.89      0.89      0.89      8946

Epoch 28/30 - Training Loss: 0.2135, Validation Loss: 0.2484
                     precision    recall  f1-score   support

No ObstructiveApnea       0.85      0.91      0.88      3642
   ObstructiveApnea       0.94      0.89      0.91      5304

           accuracy                           0.90      8946
          macro avg       0.89      0.90      0.90      8946
       weighted avg       0.90      0.90      0.90      8946

Model saved!
Epoch 29/30 - Training Loss: 0.2061, Validation Loss: 0.2547
                     precision    recall  f1-score   support

No ObstructiveApnea       0.88      0.87      0.88      3642
   ObstructiveApnea       0.91      0.92      0.92      5304

           accuracy                           0.90      8946
          macro avg       0.90      0.89      0.90      8946
       weighted avg       0.90      0.90      0.90      8946

Epoch 30/30 - Training Loss: 0.1936, Validation Loss: 0.2470
                     precision    recall  f1-score   support

No ObstructiveApnea       0.87      0.90      0.88      3642
   ObstructiveApnea       0.93      0.91      0.92      5304

           accuracy                           0.90      8946
          macro avg       0.90      0.90      0.90      8946
       weighted avg       0.90      0.90      0.90      8946

Model saved!
